#
# A fatal error has been detected by the Java Runtime Environment:
#
#  EXCEPTION_ACCESS_VIOLATION (0xc0000005) at pc=0x0000000076e608c5, pid=6856, tid=3068
#
# JRE version: 6.0_17-b04
# Java VM: Java HotSpot(TM) 64-Bit Server VM (14.3-b01 mixed mode windows-amd64 )
# Problematic frame:
# C  [ntdll.dll+0x508c5]
#
# If you would like to submit a bug report, please visit:
#   http://java.sun.com/webapps/bugreport/crash.jsp
#

---------------  T H R E A D  ---------------

Current thread (0x000000006d507000):  JavaThread "AWT-EventQueue-0" [_thread_in_Java, id=3068, stack(0x0000000050a80000,0x0000000050b00000)]

siginfo: ExceptionCode=0xc0000005, reading address 0xffffffffffffffff

Registers:
EAX=0x0000000050afd948, EBX=0x0000000000000002, ECX=0x0000000050afda18, EDX=0x0000000050afd988
ESP=0x0000000050afd938, EBP=0x000007fed6e75550, ESI=0x0000000000000020, EDI=0x0000000000000000
EIP=0x0000000076e608c5, EFLAGS=0x0000000000010202

Top of Stack: (sp=0x0000000050afd938)
0x0000000050afd938:   0000000000000202 0000000076e1b219
0x0000000050afd948:   000007ffffe54000 0000000100000002
0x0000000050afd958:   00000000770d3030 00000000770d36c0
0x0000000050afd968:   0000000050afe170 00000000396e89ec
0x0000000050afd978:   00000000396e83d0 0000000000000000
0x0000000050afd988:   0000000050b00000 0000000050af5000
0x0000000050afd998:   0000000050afe140 0000000039686f7a
0x0000000050afd9a8:   0000000039686f10 0000000000000000
0x0000000050afd9b8:   0000000000000000 0000000050afe140
0x0000000050afd9c8:   0000000050afe1d0 00000000396559ae
0x0000000050afd9d8:   0000000039654e90 0000000000000000
0x0000000050afd9e8:   0000000050afe230 0000000050afe1d0
0x0000000050afd9f8:   0000000050afe1d0 00000000396559ae
0x0000000050afda08:   0000000039654e90 0000000000000000
0x0000000050afda18:   0000000050afe230 0000000050afe1d0
0x0000000050afda28:   0000000078bec2b2 0000000050afe170 

Instructions: (pc=0x0000000076e608c5)
0x0000000076e608b5:   00 00 4c 89 b1 e8 00 00 00 4c 89 b9 f0 00 00 00
0x0000000076e608c5:   0f ae 81 00 01 00 00 0f 29 81 a0 01 00 00 0f 29 


Stack: [0x0000000050a80000,0x0000000050b00000],  sp=0x0000000050afd938,  free space=502k
Native frames: (J=compiled Java code, j=interpreted, Vv=VM code, C=native code)
C  [ntdll.dll+0x508c5]

Java frames: (J=compiled Java code, j=interpreted, Vv=VM code)
v  blob 0x0000000039687039
j  java.util.ArrayList.indexOf(Ljava/lang/Object;)I+51
j  java.util.ArrayList.contains(Ljava/lang/Object;)Z+2
j  com.mathworks.widgets.desk.DTGlobalActionManager.addAction(Ljavax/swing/Action;)V+5
j  com.mathworks.widgets.desk.Desktop.addGroupAndNotify(Lcom/mathworks/widgets/desk/DTGroup;)V+32
v  ~StubRoutines::call_stub
j  sun.reflect.NativeMethodAccessorImpl.invoke0(Ljava/lang/reflect/Method;Ljava/lang/Object;[Ljava/lang/Object;)Ljava/lang/Object;+0
j  sun.reflect.NativeMethodAccessorImpl.invoke(Ljava/lang/Object;[Ljava/lang/Object;)Ljava/lang/Object;+87
j  sun.reflect.DelegatingMethodAccessorImpl.invoke(Ljava/lang/Object;[Ljava/lang/Object;)Ljava/lang/Object;+6
j  java.lang.reflect.Method.invoke(Ljava/lang/Object;[Ljava/lang/Object;)Ljava/lang/Object;+161
j  com.mathworks.widgets.desk.Desktop$DeferredFacadeProxy$1.run()V+15
j  java.awt.event.InvocationEvent.dispatch()V+47
j  java.awt.EventQueue.dispatchEvent(Ljava/awt/AWTEvent;)V+26
j  java.awt.EventDispatchThread.pumpOneEventForFilters(I)Z+204
j  java.awt.EventDispatchThread.pumpEventsForFilter(ILjava/awt/Conditional;Ljava/awt/EventFilter;)V+30
j  java.awt.EventDispatchThread.pumpEventsForHierarchy(ILjava/awt/Conditional;Ljava/awt/Component;)V+11
j  java.awt.EventDispatchThread.pumpEvents(ILjava/awt/Conditional;)V+4
j  java.awt.EventDispatchThread.pumpEvents(Ljava/awt/Conditional;)V+3
j  java.awt.EventDispatchThread.run()V+9
v  ~StubRoutines::call_stub

---------------  P R O C E S S  ---------------

Java Threads: ( => current thread )
=>0x000000006d507000 JavaThread "AWT-EventQueue-0" [_thread_in_Java, id=3068, stack(0x0000000050a80000,0x0000000050b00000)]
  0x00000000772cc800 JavaThread "com.google.common.base.internal.Finalizer" daemon [_thread_blocked, id=5508, stack(0x0000000031450000,0x00000000314d0000)]
  0x000000006dea5800 JavaThread "Image Fetcher 0" daemon [_thread_blocked, id=3744, stack(0x0000000031500000,0x0000000031580000)]
  0x0000000077838000 JavaThread "AWT-Windows" daemon [_thread_in_native, id=5428, stack(0x0000000019060000,0x00000000190e0000)]
  0x0000000077835800 JavaThread "AWT-Shutdown" [_thread_blocked, id=6604, stack(0x000000002d2e0000,0x000000002d360000)]
  0x0000000077835000 JavaThread "Java2D Disposer" daemon [_thread_blocked, id=6360, stack(0x0000000025190000,0x0000000025210000)]
  0x0000000077402800 JavaThread "Timer-0" [_thread_blocked, id=2748, stack(0x000000000fe80000,0x000000000ff00000)]
  0x00000000772d7000 JavaThread "EventMgr Dispatcher" daemon [_thread_in_native, id=5344, stack(0x0000000009c00000,0x000000000dc00000)]
  0x000000006d447000 JavaThread "Low Memory Detector" daemon [_thread_blocked, id=1444, stack(0x0000000010f90000,0x0000000011010000)]
  0x000000006d440800 JavaThread "CompilerThread1" daemon [_thread_in_native, id=6940, stack(0x000000008c2d0000,0x00000000902d0000)]
  0x000000006d43a000 JavaThread "CompilerThread0" daemon [_thread_blocked, id=6892, stack(0x0000000088250000,0x000000008c250000)]
  0x000000006d435800 JavaThread "Attach Listener" daemon [_thread_blocked, id=6156, stack(0x000000000ff00000,0x000000000ff80000)]
  0x000000006d363000 JavaThread "Finalizer" daemon [_thread_blocked, id=4744, stack(0x0000000010e50000,0x0000000010ed0000)]
  0x000000006d35d000 JavaThread "Reference Handler" daemon [_thread_blocked, id=5396, stack(0x000000000eba0000,0x000000000ec20000)]
  0x000000000613b000 JavaThread "main" [_thread_in_Java, id=5584, stack(0x00000000000c0000,0x00000000040c0000)]

Other Threads:
  0x000000006d353800 VMThread [stack: 0x0000000084080000,0x0000000088080000] [id=6088]
  0x000000006d473800 WatcherThread [stack: 0x0000000090440000,0x0000000094440000] [id=6316]

VM state:not at safepoint (normal execution)

VM Mutex/Monitor currently owned by a thread: None

Heap
 PSYoungGen      total 14336K, used 13662K [0x000000004d950000, 0x000000004e950000, 0x0000000050a50000)
  eden space 12288K, 94% used [0x000000004d950000,0x000000004e4ae780,0x000000004e550000)
  from space 2048K, 98% used [0x000000004e550000,0x000000004e749280,0x000000004e750000)
  to   space 2048K, 0% used [0x000000004e750000,0x000000004e750000,0x000000004e950000)
 PSOldGen        total 49152K, used 8K [0x0000000044650000, 0x0000000047650000, 0x000000004d950000)
  object space 49152K, 0% used [0x0000000044650000,0x0000000044652000,0x0000000047650000)
 PSPermGen       total 32768K, used 13746K [0x000000003c650000, 0x000000003e650000, 0x0000000044650000)
  object space 32768K, 41% used [0x000000003c650000,0x000000003d3bc8c8,0x000000003e650000)

Dynamic libraries:
0x000000013f440000 - 0x000000013f46d000 	C:\Program Files\MATLAB\R2012b\bin\win64\matlab.exe
0x0000000076e10000 - 0x0000000076fb9000 	C:\Windows\SYSTEM32\ntdll.dll
0x0000000076cf0000 - 0x0000000076e0f000 	C:\Windows\system32\kernel32.dll
0x000007fefcf70000 - 0x000007fefcfdc000 	C:\Windows\system32\KERNELBASE.dll
0x0000000074460000 - 0x000000007451f000 	C:\Program Files\MATLAB\R2012b\bin\win64\libut.dll
0x00000000758a0000 - 0x000000007595c000 	C:\Program Files\MATLAB\R2012b\bin\win64\libmwi18n.dll
0x0000000180000000 - 0x000000018000b000 	C:\Program Files\MATLAB\R2012b\bin\win64\libmwresource_core.dll
0x0000000073a70000 - 0x0000000073b43000 	C:\Windows\WinSxS\amd64_microsoft.vc90.crt_1fc8b3b9a1e18e3b_9.0.30729.6161_none_08e61857a83bc251\MSVCP90.dll
0x0000000073fb0000 - 0x0000000074053000 	C:\Windows\WinSxS\amd64_microsoft.vc90.crt_1fc8b3b9a1e18e3b_9.0.30729.6161_none_08e61857a83bc251\MSVCR90.dll
0x000000007a170000 - 0x000000007a19c000 	C:\Program Files\MATLAB\R2012b\bin\win64\boost_filesystem-vc90-mt-1_44.dll
0x000000007a560000 - 0x000000007a569000 	C:\Program Files\MATLAB\R2012b\bin\win64\boost_system-vc90-mt-1_44.dll
0x000007fefee60000 - 0x000007fefef3b000 	C:\Windows\system32\ADVAPI32.dll
0x000007fefefe0000 - 0x000007feff07f000 	C:\Windows\system32\msvcrt.dll
0x000007fefe0f0000 - 0x000007fefe10f000 	C:\Windows\SYSTEM32\sechost.dll
0x000007fefd220000 - 0x000007fefd34d000 	C:\Windows\system32\RPCRT4.dll
0x000000007a010000 - 0x000000007a035000 	C:\Program Files\MATLAB\R2012b\bin\win64\LIBEXPAT.dll
0x0000000073420000 - 0x0000000073611000 	C:\Program Files\MATLAB\R2012b\bin\win64\icuin44.dll
0x00000000736a0000 - 0x0000000073811000 	C:\Program Files\MATLAB\R2012b\bin\win64\icuuc44.dll
0x0000000010000000 - 0x0000000010e41000 	C:\Program Files\MATLAB\R2012b\bin\win64\icudt44.dll
0x00000000042b0000 - 0x000000000445d000 	C:\Program Files\MATLAB\R2012b\bin\win64\libmwfl.dll
0x0000000004460000 - 0x0000000004816000 	C:\Program Files\MATLAB\R2012b\bin\win64\libmwMATLAB_res.dll
0x000000007a3b0000 - 0x000000007a3c0000 	C:\Program Files\MATLAB\R2012b\bin\win64\boost_date_time-vc90-mt-1_44.dll
0x000000007a250000 - 0x000000007a263000 	C:\Program Files\MATLAB\R2012b\bin\win64\boost_signals-vc90-mt-1_44.dll
0x000000007a2d0000 - 0x000000007a2e2000 	C:\Program Files\MATLAB\R2012b\bin\win64\boost_thread-vc90-mt-1_44.dll
0x0000000004820000 - 0x00000000048dd000 	C:\Program Files\MATLAB\R2012b\bin\win64\boost_log-vc90-mt-1_44.dll
0x0000000076fe0000 - 0x0000000076fe7000 	C:\Windows\system32\PSAPI.DLL
0x000007fefe110000 - 0x000007fefe15d000 	C:\Windows\system32\WS2_32.dll
0x000007fefe0e0000 - 0x000007fefe0e8000 	C:\Windows\system32\NSI.dll
0x00000000048e0000 - 0x0000000004926000 	C:\Program Files\MATLAB\R2012b\bin\win64\tbb.dll
0x000007fefe5b0000 - 0x000007fefe5c9000 	C:\Windows\system32\imagehlp.dll
0x0000000073f90000 - 0x0000000073fa3000 	C:\Program Files\MATLAB\R2012b\bin\win64\icuio44.dll
0x000007fef95a0000 - 0x000007fef96c5000 	C:\Windows\system32\dbghelp.dll
0x0000000076bf0000 - 0x0000000076cea000 	C:\Windows\system32\USER32.dll
0x000007fefedf0000 - 0x000007fefee57000 	C:\Windows\system32\GDI32.dll
0x000007fefe340000 - 0x000007fefe34e000 	C:\Windows\system32\LPK.dll
0x000007fefe3d0000 - 0x000007fefe499000 	C:\Windows\system32\USP10.dll
0x0000000004950000 - 0x0000000004c2c000 	C:\Program Files\MATLAB\R2012b\bin\win64\libmwservices.dll
0x0000000075a20000 - 0x0000000075af3000 	C:\Program Files\MATLAB\R2012b\bin\win64\libmx.dll
0x0000000004c50000 - 0x0000000004c79000 	C:\Program Files\MATLAB\R2012b\bin\win64\tbbmalloc.dll
0x000000007a210000 - 0x000000007a228000 	C:\Program Files\MATLAB\R2012b\bin\win64\zlib1.dll
0x0000000004ca0000 - 0x0000000004ced000 	C:\Program Files\MATLAB\R2012b\bin\win64\libmwregexp.dll
0x0000000004d00000 - 0x0000000004d23000 	C:\Program Files\MATLAB\R2012b\bin\win64\libmwmfl_scalar.dll
0x0000000075f10000 - 0x0000000075f60000 	C:\Program Files\MATLAB\R2012b\bin\win64\mpath.dll
0x000000007b680000 - 0x000000007bc9a000 	C:\Program Files\MATLAB\R2012b\bin\win64\mlutil.dll
0x00000000754d0000 - 0x0000000075551000 	C:\Program Files\MATLAB\R2012b\bin\win64\xmlcore.dll
0x0000000004d70000 - 0x0000000004fc3000 	C:\Program Files\MATLAB\R2012b\bin\win64\xerces-c_2_7.dll
0x0000000004fe0000 - 0x0000000005000000 	C:\Program Files\MATLAB\R2012b\bin\win64\libmwMATLAB_settings_res.dll
0x0000000005010000 - 0x0000000005020000 	C:\Program Files\MATLAB\R2012b\bin\win64\boost_iostreams-vc90-mt-1_44.dll
0x0000000005030000 - 0x0000000005077000 	C:\Program Files\MATLAB\R2012b\bin\win64\boost_serialization-vc90-mt-1_44.dll
0x000007fefd350000 - 0x000007fefe0d8000 	C:\Windows\system32\SHELL32.dll
0x000007fefec90000 - 0x000007fefed01000 	C:\Windows\system32\SHLWAPI.dll
0x000007feecb00000 - 0x000007feecba0000 	C:\Windows\WinSxS\amd64_microsoft.windows.common-controls_6595b64144ccf1df_5.82.7601.18201_none_a4d3b9377117c3df\COMCTL32.dll
0x000007fefef40000 - 0x000007fefefd7000 	C:\Windows\system32\COMDLG32.dll
0x000007fefac40000 - 0x000007fefac56000 	C:\Windows\system32\NETAPI32.dll
0x000007fefac30000 - 0x000007fefac3c000 	C:\Windows\system32\netutils.dll
0x000007fefc930000 - 0x000007fefc953000 	C:\Windows\system32\srvcli.dll
0x000007fefac10000 - 0x000007fefac25000 	C:\Windows\system32\wkscli.dll
0x000007fefcfe0000 - 0x000007fefd1e3000 	C:\Windows\system32\ole32.dll
0x000007fefed10000 - 0x000007fefede7000 	C:\Windows\system32\OLEAUT32.dll
0x0000000074970000 - 0x0000000074a31000 	C:\Program Files\MATLAB\R2012b\bin\win64\mcr.dll
0x0000000075000000 - 0x00000000753e9000 	C:\Program Files\MATLAB\R2012b\bin\win64\iqm.dll
0x0000000074e80000 - 0x0000000074f38000 	C:\Program Files\MATLAB\R2012b\bin\win64\m_dispatcher.dll
0x0000000074880000 - 0x000000007496d000 	C:\Program Files\MATLAB\R2012b\bin\win64\boost_regex-vc90-mt-1_44.dll
0x000007fee4c00000 - 0x000007fee5471000 	C:\Program Files\MATLAB\R2012b\bin\win64\m_interpreter.dll
0x0000000073b60000 - 0x0000000073b87000 	C:\Program Files\MATLAB\R2012b\bin\win64\libmex.dll
0x0000000073390000 - 0x0000000073414000 	C:\Program Files\MATLAB\R2012b\bin\win64\profiler.dll
0x0000000005100000 - 0x000000000536a000 	C:\Program Files\MATLAB\R2012b\bin\win64\libmwmathutil.dll
0x0000000079f40000 - 0x0000000079f6e000 	C:\Program Files\MATLAB\R2012b\bin\win64\libmwmathrng.dll
0x0000000005390000 - 0x00000000053a2000 	C:\Program Files\MATLAB\R2012b\bin\win64\libmwmfl_rng.dll
0x0000000074c10000 - 0x0000000074cee000 	C:\Program Files\MATLAB\R2012b\bin\win64\libmwmathcore.dll
0x0000000076160000 - 0x00000000761ca000 	C:\Program Files\MATLAB\R2012b\bin\win64\libmwspmatrix.dll
0x0000000075ea0000 - 0x0000000075f02000 	C:\Program Files\MATLAB\R2012b\bin\win64\libmwcholmod.dll
0x000000007a460000 - 0x000000007a46d000 	C:\Program Files\MATLAB\R2012b\bin\win64\libmwamd.dll
0x000000007a4b0000 - 0x000000007a4bc000 	C:\Program Files\MATLAB\R2012b\bin\win64\libmwcolamd.dll
0x000000007a290000 - 0x000000007a2a9000 	C:\Program Files\MATLAB\R2012b\bin\win64\libmwblas.dll
0x000000007a310000 - 0x000000007a321000 	C:\Program Files\MATLAB\R2012b\bin\win64\libmwbinder.dll
0x000000007a4d0000 - 0x000000007a4dc000 	C:\Program Files\MATLAB\R2012b\bin\win64\libmwompwrapper.dll
0x0000000005440000 - 0x00000000054c5000 	C:\Program Files\MATLAB\R2012b\bin\win64\libmwlapack.dll
0x0000000073670000 - 0x0000000073691000 	C:\Program Files\MATLAB\R2012b\bin\win64\m_pcodeio.dll
0x0000000079b10000 - 0x0000000079b77000 	C:\Program Files\MATLAB\R2012b\bin\win64\m_ir.dll
0x000000006f9b0000 - 0x0000000070020000 	C:\Program Files\MATLAB\R2012b\bin\win64\m_parser.dll
0x00000000739a0000 - 0x00000000739ba000 	C:\Program Files\MATLAB\R2012b\bin\win64\ir_xfmr.dll
0x000007fee1d70000 - 0x000007fee2006000 	C:\Program Files\MATLAB\R2012b\bin\win64\mcos.dll
0x0000000073f10000 - 0x0000000073f21000 	C:\Program Files\MATLAB\R2012b\bin\win64\mtok.dll
0x0000000073630000 - 0x0000000073661000 	C:\Program Files\MATLAB\R2012b\bin\win64\m_pcodegen.dll
0x0000000079fb0000 - 0x0000000079fe6000 	C:\Program Files\MATLAB\R2012b\bin\win64\libmwbridge.dll
0x00000000732c0000 - 0x0000000073388000 	C:\Program Files\MATLAB\R2012b\bin\win64\udd.dll
0x0000000073160000 - 0x00000000732b2000 	C:\Program Files\MATLAB\R2012b\bin\win64\libmwgui.dll
0x0000000073980000 - 0x0000000073997000 	C:\Program Files\MATLAB\R2012b\bin\win64\graphics_util.dll
0x00000000701f0000 - 0x0000000070c4f000 	C:\Program Files\MATLAB\R2012b\bin\win64\hg.dll
0x00000000055a0000 - 0x0000000005608000 	C:\Program Files\MATLAB\R2012b\bin\win64\libmat.dll
0x0000000072d30000 - 0x0000000072f44000 	C:\Program Files\MATLAB\R2012b\bin\win64\hdf5dll.dll
0x0000000075710000 - 0x00000000757de000 	C:\Program Files\MATLAB\R2012b\bin\win64\jmi.dll
0x0000000005640000 - 0x000000000564d000 	C:\Program Files\MATLAB\R2012b\bin\win64\nativejava_services.dll
0x0000000073110000 - 0x0000000073156000 	C:\Program Files\MATLAB\R2012b\bin\win64\libmwhardcopy.dll
0x0000000071d60000 - 0x0000000071dc3000 	C:\Program Files\MATLAB\R2012b\bin\win64\libuij.dll
0x000000006f740000 - 0x000000006f9a4000 	C:\Program Files\MATLAB\R2012b\bin\win64\hgdatatypes.dll
0x0000000071b60000 - 0x0000000071c7f000 	C:\Program Files\MATLAB\R2012b\bin\win64\hgutils.dll
0x000000006f680000 - 0x000000006f740000 	C:\Program Files\MATLAB\R2012b\bin\win64\udd_mi.dll
0x00000000056b0000 - 0x00000000056eb000 	C:\Program Files\MATLAB\R2012b\bin\win64\libmwgbtutils.dll
0x0000000005700000 - 0x000000000571b000 	C:\Program Files\MATLAB\R2012b\bin\win64\libmwgbt.dll
0x0000000005730000 - 0x0000000005a01000 	C:\Program Files\MATLAB\R2012b\bin\win64\uiw.dll
0x0000000073f80000 - 0x0000000073f8f000 	C:\Program Files\MATLAB\R2012b\bin\win64\uinone.dll
0x0000000005a30000 - 0x0000000005a59000 	C:\Program Files\MATLAB\R2012b\bin\win64\libmwnativefiledialogs.dll
0x0000000005a70000 - 0x0000000005a78000 	C:\Program Files\MATLAB\R2012b\bin\win64\libmwplatform_res.dll
0x000007fef7550000 - 0x000007fef7568000 	C:\Windows\system32\MPR.dll
0x000000006eaf0000 - 0x000000006efd4000 	C:\Windows\WinSxS\amd64_microsoft.vc90.mfc_1fc8b3b9a1e18e3b_9.0.30729.6161_none_044aad0bab1eb146\mfc90.dll
0x000007fefad20000 - 0x000007fefad27000 	C:\Windows\system32\MSIMG32.dll
0x000007fef72f0000 - 0x000007fef7361000 	C:\Windows\system32\WINSPOOL.DRV
0x00000000730e0000 - 0x0000000073102000 	C:\Program Files\MATLAB\R2012b\bin\win64\mwoles05.DLL
0x0000000071ce0000 - 0x0000000071d5d000 	C:\Program Files\MATLAB\R2012b\bin\win64\comcli.dll
0x0000000071cb0000 - 0x0000000071cdf000 	C:\Windows\WinSxS\amd64_microsoft.vc90.atl_1fc8b3b9a1e18e3b_9.0.30729.6161_none_0a1fd3a3a768b895\ATL90.DLL
0x0000000073950000 - 0x000000007395c000 	C:\Program Files\MATLAB\R2012b\bin\win64\mlautoregister.dll
0x000007fefca60000 - 0x000007fefcab7000 	C:\Windows\system32\apphelp.dll
0x000007fee6460000 - 0x000007fee64b1000 	C:\Windows\AppPatch\AppPatch64\AcGenral.DLL
0x000007fefca30000 - 0x000007fefca55000 	C:\Windows\system32\SspiCli.dll
0x00000000715c0000 - 0x00000000715c3000 	C:\Windows\system32\sfc.dll
0x000007fef7610000 - 0x000007fef7620000 	C:\Windows\system32\sfc_os.DLL
0x000007fefcd50000 - 0x000007fefcd6e000 	C:\Windows\system32\USERENV.dll
0x000007fefcc30000 - 0x000007fefcc3f000 	C:\Windows\system32\profapi.dll
0x000007fefaf30000 - 0x000007fefaf48000 	C:\Windows\system32\dwmapi.dll
0x000007fed6af0000 - 0x000007fed6f57000 	C:\Windows\AppPatch\AppPatch64\AcXtrnal.DLL
0x000007fefd1f0000 - 0x000007fefd21e000 	C:\Windows\system32\IMM32.DLL
0x000007fefe4a0000 - 0x000007fefe5a9000 	C:\Windows\system32\MSCTF.dll
0x000007fefb360000 - 0x000007fefb3b6000 	C:\Windows\system32\UxTheme.dll
0x0000000073620000 - 0x000000007362d000 	C:\Windows\WinSxS\amd64_microsoft.vc90.mfcloc_1fc8b3b9a1e18e3b_9.0.30729.6161_none_01c9581e60cbee58\MFC90ENU.DLL
0x0000000005d40000 - 0x0000000005d81000 	C:\Program Files (x86)\ATI Technologies\HydraVision\HydraDMH64.dll
0x0000000078870000 - 0x0000000078ecd000 	C:\Program Files\MATLAB\R2012b\sys\java\jre\win64\jre\bin\server\jvm.dll

VM Arguments:
jvm_args: -Xss512k -XX:PermSize=32m -Xms64m -XX:NewRatio=3 -XX:MaxPermSize=128m -Xmx196m -XX:MaxDirectMemorySize=2147400000 -Dsun.java2d.noddraw=true -Dsun.awt.nopixfmt=true -Xshare:off -Xrs -Dsun.awt.disableMixing=true -Djava.library.path=C:\Program Files\MATLAB\R2012b\bin\win64;C:\Program Files\MATLAB\R2012b\sys\jxbrowser\win64\lib vfprintf abort 
java_command: <unknown>
Launcher Type: generic

Environment Variables:
PATH=C:\Python27\Lib\site-packages\PyQt4;C:\Program Files (x86)\PHP\;C:\Program Files (x86)\Intel\iCLS Client\;C:\Program Files\Intel\iCLS Client\;C:\Windows\system32;C:\Windows;C:\Windows\System32\Wbem;C:\Windows\System32\WindowsPowerShell\v1.0\;C:\Program Files (x86)\ATI Technologies\ATI.ACE\Core-Static;C:\Program Files (x86)\IVI Foundation\VISA\WinNT\Bin\;C:\Program Files\IVI Foundation\VISA\Win64\Bin\;C:\Program Files (x86)\IVI Foundation\VISA\WinNT\Bin;C:\Program Files\Thorlabs\Thorlabs OSA;C:\Users\lab\Documents\Thorlabs\Thorlabs OSA20X\Labview\64BIT\LV2011\dll\util;C:\Program Files\Thorlabs\Thorlabs OSA\bin;C:\Program Files\MATLAB\R2012b\runtime\win64;C:\Program Files\MATLAB\R2012b\bin;C:\Program Files\Microsoft Windows Performance Toolkit\;C:\Program Files (x86)\MySQL\MySQL Utilities 1.3.4\;C:\Program Files (x86)\Windows Kits\8.1\Windows Performance Toolkit\;C:\Program Files\Microsoft SQL Server\110\Tools\Binn\;C:\Program Files (x86)\IVI Foundation\IVI\bin;C:\Program Files\IVI Foundation\IVI\bin;C:\Program Files\TortoiseSVN\bin;C:\Python27;C:\Python27\DLLs;C:\Python27\Scripts;C:\Python27\Lib\site-packages\vtk;C:\Python27\gnuplot\binary;C:\Program Files (x86)\pythonxy\SciTE-3.3.2-3;C:\Program Files (x86)\pythonxy\console;C:\MinGW32-xy\bin
USERNAME=lab
OS=Windows_NT
PROCESSOR_IDENTIFIER=Intel64 Family 6 Model 45 Stepping 7, GenuineIntel



---------------  S Y S T E M  ---------------

OS: Windows 7 Build 7601 Service Pack 1

CPU:total 8 (16 cores per cpu, 2 threads per core) family 6 model 45 stepping 7, cmov, cx8, fxsr, mmx, sse, sse2, sse3, ssse3, sse4.1, sse4.2, ht

Memory: 4k page, physical 16719692k(13367856k free), swap 33437520k(29594220k free)

vm_info: Java HotSpot(TM) 64-Bit Server VM (14.3-b01) for windows-amd64 JRE (1.6.0_17-b04), built on Oct 11 2009 00:46:08 by "java_re" with MS VC++ 8.0

time: Tue Nov 11 15:31:38 2014
elapsed time: 0 seconds

