#
# A fatal error has been detected by the Java Runtime Environment:
#
#  EXCEPTION_ACCESS_VIOLATION (0xc0000005) at pc=0x00000000770808c5, pid=5328, tid=3632
#
# JRE version: 6.0_17-b04
# Java VM: Java HotSpot(TM) 64-Bit Server VM (14.3-b01 mixed mode windows-amd64 )
# Problematic frame:
# C  [ntdll.dll+0x508c5]
#
# If you would like to submit a bug report, please visit:
#   http://java.sun.com/webapps/bugreport/crash.jsp
#

---------------  T H R E A D  ---------------

Current thread (0x00000000654d1000):  JavaThread "AWT-EventQueue-0" [_thread_in_Java, id=3632, stack(0x000000000ea90000,0x000000000eb10000)]

siginfo: ExceptionCode=0xc0000005, reading address 0xffffffffffffffff

Registers:
EAX=0x000000000eb0e298, EBX=0x0000000000000002, ECX=0x000000000eb0e368, EDX=0x000000000eb0e2d8
ESP=0x000000000eb0e288, EBP=0x000007fed7573940, ESI=0x0000000000000020, EDI=0x0000000000000000
EIP=0x00000000770808c5, EFLAGS=0x0000000000010202

Top of Stack: (sp=0x000000000eb0e288)
0x000000000eb0e288:   0000000000000202 000000007703b219
0x000000000eb0e298:   000007ffffe50000 0000000041e5c1b0
0x000000000eb0e2a8:   0000000041e5b890 0000000000000000
0x000000000eb0e2b8:   0000000055d65a80 000000000eb0eaa0
0x000000000eb0e2c8:   000000000eb0ea70 0000000041a86f7a
0x000000000eb0e2d8:   000000000eb10000 000000000eaf2000
0x000000000eb0e2e8:   0000000000000000 000000000eb0ea70
0x000000000eb0e2f8:   000000000eb0eb20 0000000041a55ac2
0x000000000eb0e308:   0000000041a54e90 0000000000000000
0x000000000eb0e318:   000000000eb0eb78 000000000eb0eb20
0x000000000eb0e328:   000000000eb0eb20 0000000041a55ac2
0x000000000eb0e338:   0000000041a54e90 0000000000000000
0x000000000eb0e348:   000000000eb0eb78 000000000eb0eb20
0x000000000eb0e358:   00000000654cff90 000000000eb0eaa0
0x000000000eb0e368:   0000000041e5c1b0 0000000041e5b890
0x000000000eb0e378:   0000000000000000 0000000055d65a80 

Instructions: (pc=0x00000000770808c5)
0x00000000770808b5:   00 00 4c 89 b1 e8 00 00 00 4c 89 b9 f0 00 00 00
0x00000000770808c5:   0f ae 81 00 01 00 00 0f 29 81 a0 01 00 00 0f 29 


Stack: [0x000000000ea90000,0x000000000eb10000],  sp=0x000000000eb0e288,  free space=504k
Native frames: (J=compiled Java code, j=interpreted, Vv=VM code, C=native code)
C  [ntdll.dll+0x508c5]

Java frames: (J=compiled Java code, j=interpreted, Vv=VM code)
v  blob 0x0000000041a87039
j  java.util.HashMap.putAllForCreate(Ljava/util/Map;)V+22
j  java.util.HashMap.<init>(Ljava/util/Map;)V+26
j  java.util.LinkedHashMap.<init>(Ljava/util/Map;)V+2
j  com.mathworks.mlwidgets.array.ValueTableModel.updateData()V+14
j  com.mathworks.hg.peer.ui.table.DefaultUIStyleTableModel.updateData()V+4
j  com.mathworks.hg.peer.ui.UITablePeer.doDataChanged(II)V+20
j  com.mathworks.hg.peer.ui.UITablePeer.doInitializePeerProperty([D[Ljava/lang/String;[Lcom/mathworks/hg/types/HGColor;[Z[Ljava/lang/Object;[Ljava/lang/Object;IIII)V+348
j  com.mathworks.hg.peer.ui.UITablePeer$3.run()V+44
j  com.mathworks.hg.util.HGPeerQueue$HGPeerRunnablesRunner.runit(Z[I)V+203
j  com.mathworks.hg.util.HGPeerQueue$HGPeerRunnablesRunner.runNotThese([I)V+3
j  com.mathworks.hg.util.HGPeerQueue$HGPeerRunnablesRunner.run()V+30
j  java.awt.event.InvocationEvent.dispatch()V+47
j  java.awt.EventQueue.dispatchEvent(Ljava/awt/AWTEvent;)V+26
j  java.awt.EventDispatchThread.pumpOneEventForFilters(I)Z+204
j  java.awt.EventDispatchThread.pumpEventsForFilter(ILjava/awt/Conditional;Ljava/awt/EventFilter;)V+30
j  java.awt.EventDispatchThread.pumpEventsForHierarchy(ILjava/awt/Conditional;Ljava/awt/Component;)V+11
j  java.awt.EventDispatchThread.pumpEvents(ILjava/awt/Conditional;)V+4
j  java.awt.EventDispatchThread.pumpEvents(Ljava/awt/Conditional;)V+3
j  java.awt.EventDispatchThread.run()V+9
v  ~StubRoutines::call_stub

---------------  P R O C E S S  ---------------

Java Threads: ( => current thread )
  0x0000000071a1e800 JavaThread "Image Fetcher 0" daemon [_thread_blocked, id=7080, stack(0x000000003dc70000,0x000000003dcf0000)]
  0x000000007d776000 JavaThread "Swing-Shell" daemon [_thread_blocked, id=6168, stack(0x000000003dec0000,0x000000003df40000)]
  0x0000000071a14800 JavaThread "Inactive RequestProcessor thread [Was:TimedSoftReference/org.openide.util.TimedSoftReference]" daemon [_thread_blocked, id=3052, stack(0x000000003da90000,0x000000003db10000)]
  0x0000000071a1d000 JavaThread "Code Analyzer updating thread" [_thread_blocked, id=6524, stack(0x0000000072a30000,0x0000000072ab0000)]
  0x0000000071a1c800 JavaThread "Code Analyzer updating thread" [_thread_blocked, id=1844, stack(0x0000000072600000,0x0000000072680000)]
  0x0000000071a1b800 JavaThread "Code Analyzer updating thread" [_thread_blocked, id=5284, stack(0x0000000072b30000,0x0000000072bb0000)]
  0x0000000071a1b000 JavaThread "Code Analyzer updating thread" [_thread_blocked, id=5516, stack(0x00000000664c0000,0x0000000066540000)]
  0x0000000071a1a800 JavaThread "Code Analyzer updating thread" [_thread_blocked, id=5492, stack(0x0000000072920000,0x00000000729a0000)]
  0x0000000071a19800 JavaThread "Code Analyzer updating thread" [_thread_blocked, id=6248, stack(0x0000000072790000,0x0000000072810000)]
  0x0000000071a19000 JavaThread "Code Analyzer updating thread" [_thread_blocked, id=5844, stack(0x0000000072280000,0x0000000072300000)]
  0x0000000071a16800 JavaThread "Active Reference Queue Daemon" daemon [_thread_blocked, id=1092, stack(0x000000003d9c0000,0x000000003da40000)]
  0x0000000071a18000 JavaThread "Timer-7" daemon [_thread_blocked, id=1520, stack(0x0000000072410000,0x0000000072490000)]
  0x0000000071a17800 JavaThread "Timer-6" daemon [_thread_blocked, id=5604, stack(0x0000000072580000,0x0000000072600000)]
  0x0000000071a16000 JavaThread "Explorer NavigationContext request queue" [_thread_blocked, id=3904, stack(0x00000000724a0000,0x0000000072520000)]
  0x0000000071a14000 JavaThread "AddressBar directory emptiness poller" [_thread_blocked, id=2916, stack(0x0000000072180000,0x0000000072200000)]
  0x0000000071a13000 JavaThread "Explorer Refresh Service 752449949" [_thread_blocked, id=4908, stack(0x0000000068c90000,0x0000000068d10000)]
  0x0000000071a11800 JavaThread "Timer-1" daemon [_thread_blocked, id=4512, stack(0x0000000068950000,0x00000000689d0000)]
  0x0000000071a11000 JavaThread "TimerQueue" daemon [_thread_blocked, id=6704, stack(0x0000000035810000,0x0000000035890000)]
  0x0000000071a10000 JavaThread "Thread-5" daemon [_thread_blocked, id=5452, stack(0x00000000191c0000,0x0000000019240000)]
  0x0000000071a0f800 JavaThread "FelixPackageAdmin" daemon [_thread_blocked, id=3316, stack(0x0000000021370000,0x00000000213f0000)]
  0x000000007194c800 JavaThread "FelixStartLevel" daemon [_thread_blocked, id=228, stack(0x00000000150b0000,0x0000000015130000)]
  0x00000000719e7800 JavaThread "FelixDispatchQueue" daemon [_thread_blocked, id=6760, stack(0x000000000ff70000,0x000000000fff0000)]
=>0x00000000654d1000 JavaThread "AWT-EventQueue-0" [_thread_in_Java, id=3632, stack(0x000000000ea90000,0x000000000eb10000)]
  0x00000000715bd000 JavaThread "com.google.common.base.internal.Finalizer" daemon [_thread_blocked, id=748, stack(0x0000000010f70000,0x0000000010ff0000)]
  0x00000000659ef000 JavaThread "AWT-Windows" daemon [_thread_in_native, id=5156, stack(0x000000000fed0000,0x000000000ff50000)]
  0x00000000659ee000 JavaThread "AWT-Shutdown" [_thread_blocked, id=548, stack(0x000000000fca0000,0x000000000fd20000)]
  0x000000000f62f000 JavaThread "Java2D Disposer" daemon [_thread_blocked, id=3944, stack(0x000000000fd50000,0x000000000fdd0000)]
  0x0000000071170800 JavaThread "Timer-0" [_thread_blocked, id=5460, stack(0x000000000e980000,0x000000000ea00000)]
  0x0000000065980800 JavaThread "EventMgr Dispatcher" daemon [_thread_in_native, id=780, stack(0x0000000009cb0000,0x000000000dcb0000)]
  0x000000000f68a800 JavaThread "Low Memory Detector" daemon [_thread_blocked, id=3892, stack(0x000000000f6c0000,0x000000000f740000)]
  0x000000000f686000 JavaThread "CompilerThread1" daemon [_thread_blocked, id=6116, stack(0x0000000094630000,0x0000000098630000)]
  0x000000000f67e000 JavaThread "CompilerThread0" daemon [_thread_blocked, id=2000, stack(0x0000000090520000,0x0000000094520000)]
  0x000000000f67d800 JavaThread "Attach Listener" daemon [_thread_blocked, id=2896, stack(0x000000000f790000,0x000000000f810000)]
  0x000000000f624800 JavaThread "Finalizer" daemon [_thread_blocked, id=4956, stack(0x000000000e860000,0x000000000e8e0000)]
  0x000000000f61a800 JavaThread "Reference Handler" daemon [_thread_blocked, id=6340, stack(0x000000000ea10000,0x000000000ea90000)]
  0x0000000005f23800 JavaThread "main" [_thread_in_native, id=1968, stack(0x00000000000b0000,0x00000000040b0000)]

Other Threads:
  0x000000000f615000 VMThread [stack: 0x000000008c370000,0x0000000090370000] [id=5852]
  0x000000000f6b7800 WatcherThread [stack: 0x0000000098680000,0x000000009c680000] [id=5848]

VM state:not at safepoint (normal execution)

VM Mutex/Monitor currently owned by a thread: None

Heap
 PSYoungGen      total 32128K, used 13956K [0x0000000055d50000, 0x0000000058e50000, 0x0000000058e50000)
  eden space 18432K, 1% used [0x0000000055d50000,0x0000000055d92fb0,0x0000000056f50000)
  from space 13696K, 99% used [0x0000000056f50000,0x0000000057cae0e8,0x0000000057cb0000)
  to   space 16704K, 0% used [0x0000000057e00000,0x0000000057e00000,0x0000000058e50000)
 PSOldGen        total 97344K, used 59976K [0x000000004ca50000, 0x0000000052960000, 0x0000000055d50000)
  object space 97344K, 61% used [0x000000004ca50000,0x00000000504e2258,0x0000000052960000)
 PSPermGen       total 111168K, used 61992K [0x0000000044a50000, 0x000000004b6e0000, 0x000000004ca50000)
  object space 111168K, 55% used [0x0000000044a50000,0x00000000486da3c0,0x000000004b6e0000)

Dynamic libraries:
0x000000013f900000 - 0x000000013f92d000 	C:\Program Files\MATLAB\R2012b\bin\win64\MATLAB.exe
0x0000000077030000 - 0x00000000771d9000 	C:\Windows\SYSTEM32\ntdll.dll
0x0000000076e10000 - 0x0000000076f2f000 	C:\Windows\system32\kernel32.dll
0x000007fefcea0000 - 0x000007fefcf0b000 	C:\Windows\system32\KERNELBASE.dll
0x0000000074460000 - 0x000000007451f000 	C:\Program Files\MATLAB\R2012b\bin\win64\libut.dll
0x00000000758a0000 - 0x000000007595c000 	C:\Program Files\MATLAB\R2012b\bin\win64\libmwi18n.dll
0x0000000180000000 - 0x000000018000b000 	C:\Program Files\MATLAB\R2012b\bin\win64\libmwresource_core.dll
0x0000000068760000 - 0x0000000068833000 	C:\Windows\WinSxS\amd64_microsoft.vc90.crt_1fc8b3b9a1e18e3b_9.0.30729.6161_none_08e61857a83bc251\MSVCP90.dll
0x0000000068870000 - 0x0000000068913000 	C:\Windows\WinSxS\amd64_microsoft.vc90.crt_1fc8b3b9a1e18e3b_9.0.30729.6161_none_08e61857a83bc251\MSVCR90.dll
0x000000007a170000 - 0x000000007a19c000 	C:\Program Files\MATLAB\R2012b\bin\win64\boost_filesystem-vc90-mt-1_44.dll
0x000000007a560000 - 0x000000007a569000 	C:\Program Files\MATLAB\R2012b\bin\win64\boost_system-vc90-mt-1_44.dll
0x000007fefe2d0000 - 0x000007fefe3ab000 	C:\Windows\system32\ADVAPI32.dll
0x000007fefe8b0000 - 0x000007fefe94f000 	C:\Windows\system32\msvcrt.dll
0x000007fefe2b0000 - 0x000007fefe2cf000 	C:\Windows\SYSTEM32\sechost.dll
0x000007fefe470000 - 0x000007fefe59d000 	C:\Windows\system32\RPCRT4.dll
0x000000007a010000 - 0x000000007a035000 	C:\Program Files\MATLAB\R2012b\bin\win64\LIBEXPAT.dll
0x0000000068560000 - 0x0000000068751000 	C:\Program Files\MATLAB\R2012b\bin\win64\icuin44.dll
0x00000000683e0000 - 0x0000000068551000 	C:\Program Files\MATLAB\R2012b\bin\win64\icuuc44.dll
0x0000000010000000 - 0x0000000010e41000 	C:\Program Files\MATLAB\R2012b\bin\win64\icudt44.dll
0x0000000073f70000 - 0x000000007411d000 	C:\Program Files\MATLAB\R2012b\bin\win64\libmwfl.dll
0x0000000004380000 - 0x0000000004736000 	C:\Program Files\MATLAB\R2012b\bin\win64\libmwMATLAB_res.dll
0x000000007a3b0000 - 0x000000007a3c0000 	C:\Program Files\MATLAB\R2012b\bin\win64\boost_date_time-vc90-mt-1_44.dll
0x000000007a250000 - 0x000000007a263000 	C:\Program Files\MATLAB\R2012b\bin\win64\boost_signals-vc90-mt-1_44.dll
0x000000007a2d0000 - 0x000000007a2e2000 	C:\Program Files\MATLAB\R2012b\bin\win64\boost_thread-vc90-mt-1_44.dll
0x00000000041a0000 - 0x000000000425d000 	C:\Program Files\MATLAB\R2012b\bin\win64\boost_log-vc90-mt-1_44.dll
0x0000000077200000 - 0x0000000077207000 	C:\Windows\system32\PSAPI.DLL
0x000007feff1d0000 - 0x000007feff21d000 	C:\Windows\system32\WS2_32.dll
0x000007fefe3b0000 - 0x000007fefe3b8000 	C:\Windows\system32\NSI.dll
0x0000000004740000 - 0x0000000004786000 	C:\Program Files\MATLAB\R2012b\bin\win64\tbb.dll
0x000007fefe1b0000 - 0x000007fefe1c9000 	C:\Windows\system32\imagehlp.dll
0x00000000723f0000 - 0x0000000072403000 	C:\Program Files\MATLAB\R2012b\bin\win64\icuio44.dll
0x000007fef91d0000 - 0x000007fef92f5000 	C:\Windows\system32\dbghelp.dll
0x0000000076f30000 - 0x000000007702a000 	C:\Windows\system32\USER32.dll
0x000007fefe230000 - 0x000007fefe297000 	C:\Windows\system32\GDI32.dll
0x000007fefe2a0000 - 0x000007fefe2ae000 	C:\Windows\system32\LPK.dll
0x000007feff100000 - 0x000007feff1c9000 	C:\Windows\system32\USP10.dll
0x00000000047a0000 - 0x0000000004a7c000 	C:\Program Files\MATLAB\R2012b\bin\win64\libmwservices.dll
0x0000000075a20000 - 0x0000000075af3000 	C:\Program Files\MATLAB\R2012b\bin\win64\libmx.dll
0x0000000004aa0000 - 0x0000000004ac9000 	C:\Program Files\MATLAB\R2012b\bin\win64\tbbmalloc.dll
0x000000007a210000 - 0x000000007a228000 	C:\Program Files\MATLAB\R2012b\bin\win64\zlib1.dll
0x0000000004af0000 - 0x0000000004b3d000 	C:\Program Files\MATLAB\R2012b\bin\win64\libmwregexp.dll
0x0000000004b50000 - 0x0000000004b73000 	C:\Program Files\MATLAB\R2012b\bin\win64\libmwmfl_scalar.dll
0x0000000075f10000 - 0x0000000075f60000 	C:\Program Files\MATLAB\R2012b\bin\win64\mpath.dll
0x000000007b680000 - 0x000000007bc9a000 	C:\Program Files\MATLAB\R2012b\bin\win64\mlutil.dll
0x00000000754d0000 - 0x0000000075551000 	C:\Program Files\MATLAB\R2012b\bin\win64\xmlcore.dll
0x0000000004bc0000 - 0x0000000004e13000 	C:\Program Files\MATLAB\R2012b\bin\win64\xerces-c_2_7.dll
0x0000000004e30000 - 0x0000000004e50000 	C:\Program Files\MATLAB\R2012b\bin\win64\libmwMATLAB_settings_res.dll
0x0000000004e60000 - 0x0000000004e70000 	C:\Program Files\MATLAB\R2012b\bin\win64\boost_iostreams-vc90-mt-1_44.dll
0x0000000004e80000 - 0x0000000004ec7000 	C:\Program Files\MATLAB\R2012b\bin\win64\boost_serialization-vc90-mt-1_44.dll
0x000007fefd420000 - 0x000007fefe1a8000 	C:\Windows\system32\SHELL32.dll
0x000007feff2c0000 - 0x000007feff331000 	C:\Windows\system32\SHLWAPI.dll
0x000007fefac90000 - 0x000007fefad30000 	C:\Windows\WinSxS\amd64_microsoft.windows.common-controls_6595b64144ccf1df_5.82.7601.18201_none_a4d3b9377117c3df\COMCTL32.dll
0x000007feff220000 - 0x000007feff2b7000 	C:\Windows\system32\COMDLG32.dll
0x000007fefabf0000 - 0x000007fefac06000 	C:\Windows\system32\NETAPI32.dll
0x000007fefabe0000 - 0x000007fefabec000 	C:\Windows\system32\netutils.dll
0x000007fefca20000 - 0x000007fefca43000 	C:\Windows\system32\srvcli.dll
0x000007fefabc0000 - 0x000007fefabd5000 	C:\Windows\system32\wkscli.dll
0x000007fefea60000 - 0x000007fefec63000 	C:\Windows\system32\ole32.dll
0x000007fefe7d0000 - 0x000007fefe8a7000 	C:\Windows\system32\OLEAUT32.dll
0x0000000074970000 - 0x0000000074a31000 	C:\Program Files\MATLAB\R2012b\bin\win64\mcr.dll
0x0000000075000000 - 0x00000000753e9000 	C:\Program Files\MATLAB\R2012b\bin\win64\iqm.dll
0x0000000074e80000 - 0x0000000074f38000 	C:\Program Files\MATLAB\R2012b\bin\win64\m_dispatcher.dll
0x0000000074880000 - 0x000000007496d000 	C:\Program Files\MATLAB\R2012b\bin\win64\boost_regex-vc90-mt-1_44.dll
0x000007feda2f0000 - 0x000007fedab61000 	C:\Program Files\MATLAB\R2012b\bin\win64\m_interpreter.dll
0x00000000723c0000 - 0x00000000723e7000 	C:\Program Files\MATLAB\R2012b\bin\win64\libmex.dll
0x0000000068350000 - 0x00000000683d4000 	C:\Program Files\MATLAB\R2012b\bin\win64\profiler.dll
0x0000000004f50000 - 0x00000000051ba000 	C:\Program Files\MATLAB\R2012b\bin\win64\libmwmathutil.dll
0x0000000079f40000 - 0x0000000079f6e000 	C:\Program Files\MATLAB\R2012b\bin\win64\libmwmathrng.dll
0x00000000051e0000 - 0x00000000051f2000 	C:\Program Files\MATLAB\R2012b\bin\win64\libmwmfl_rng.dll
0x0000000074c10000 - 0x0000000074cee000 	C:\Program Files\MATLAB\R2012b\bin\win64\libmwmathcore.dll
0x0000000076160000 - 0x00000000761ca000 	C:\Program Files\MATLAB\R2012b\bin\win64\libmwspmatrix.dll
0x0000000075ea0000 - 0x0000000075f02000 	C:\Program Files\MATLAB\R2012b\bin\win64\libmwcholmod.dll
0x000000007a460000 - 0x000000007a46d000 	C:\Program Files\MATLAB\R2012b\bin\win64\libmwamd.dll
0x000000007a4b0000 - 0x000000007a4bc000 	C:\Program Files\MATLAB\R2012b\bin\win64\libmwcolamd.dll
0x000000007a290000 - 0x000000007a2a9000 	C:\Program Files\MATLAB\R2012b\bin\win64\libmwblas.dll
0x000000007a310000 - 0x000000007a321000 	C:\Program Files\MATLAB\R2012b\bin\win64\libmwbinder.dll
0x000000007a4d0000 - 0x000000007a4dc000 	C:\Program Files\MATLAB\R2012b\bin\win64\libmwompwrapper.dll
0x0000000005290000 - 0x0000000005315000 	C:\Program Files\MATLAB\R2012b\bin\win64\libmwlapack.dll
0x0000000068da0000 - 0x0000000068dc1000 	C:\Program Files\MATLAB\R2012b\bin\win64\m_pcodeio.dll
0x0000000079b10000 - 0x0000000079b77000 	C:\Program Files\MATLAB\R2012b\bin\win64\m_ir.dll
0x0000000067ce0000 - 0x0000000068350000 	C:\Program Files\MATLAB\R2012b\bin\win64\m_parser.dll
0x0000000072900000 - 0x000000007291a000 	C:\Program Files\MATLAB\R2012b\bin\win64\ir_xfmr.dll
0x000007feda050000 - 0x000007feda2e6000 	C:\Program Files\MATLAB\R2012b\bin\win64\mcos.dll
0x0000000068d80000 - 0x0000000068d91000 	C:\Program Files\MATLAB\R2012b\bin\win64\mtok.dll
0x0000000067ca0000 - 0x0000000067cd1000 	C:\Program Files\MATLAB\R2012b\bin\win64\m_pcodegen.dll
0x0000000079fb0000 - 0x0000000079fe6000 	C:\Program Files\MATLAB\R2012b\bin\win64\libmwbridge.dll
0x0000000067bd0000 - 0x0000000067c98000 	C:\Program Files\MATLAB\R2012b\bin\win64\udd.dll
0x0000000067a70000 - 0x0000000067bc2000 	C:\Program Files\MATLAB\R2012b\bin\win64\libmwgui.dll
0x0000000068d60000 - 0x0000000068d77000 	C:\Program Files\MATLAB\R2012b\bin\win64\graphics_util.dll
0x0000000067010000 - 0x0000000067a6f000 	C:\Program Files\MATLAB\R2012b\bin\win64\hg.dll
0x00000000053f0000 - 0x0000000005458000 	C:\Program Files\MATLAB\R2012b\bin\win64\libmat.dll
0x0000000072d30000 - 0x0000000072f44000 	C:\Program Files\MATLAB\R2012b\bin\win64\hdf5dll.dll
0x0000000075710000 - 0x00000000757de000 	C:\Program Files\MATLAB\R2012b\bin\win64\jmi.dll
0x0000000005490000 - 0x000000000549d000 	C:\Program Files\MATLAB\R2012b\bin\win64\nativejava_services.dll
0x0000000066fc0000 - 0x0000000067006000 	C:\Program Files\MATLAB\R2012b\bin\win64\libmwhardcopy.dll
0x0000000066f50000 - 0x0000000066fb3000 	C:\Program Files\MATLAB\R2012b\bin\win64\libuij.dll
0x0000000066ce0000 - 0x0000000066f44000 	C:\Program Files\MATLAB\R2012b\bin\win64\hgdatatypes.dll
0x0000000066bc0000 - 0x0000000066cdf000 	C:\Program Files\MATLAB\R2012b\bin\win64\hgutils.dll
0x0000000066b00000 - 0x0000000066bc0000 	C:\Program Files\MATLAB\R2012b\bin\win64\udd_mi.dll
0x0000000005500000 - 0x000000000553b000 	C:\Program Files\MATLAB\R2012b\bin\win64\libmwgbtutils.dll
0x0000000005550000 - 0x000000000556b000 	C:\Program Files\MATLAB\R2012b\bin\win64\libmwgbt.dll
0x0000000005580000 - 0x0000000005851000 	C:\Program Files\MATLAB\R2012b\bin\win64\uiw.dll
0x00000000723b0000 - 0x00000000723bf000 	C:\Program Files\MATLAB\R2012b\bin\win64\uinone.dll
0x0000000005880000 - 0x00000000058a9000 	C:\Program Files\MATLAB\R2012b\bin\win64\libmwnativefiledialogs.dll
0x00000000058c0000 - 0x00000000058c8000 	C:\Program Files\MATLAB\R2012b\bin\win64\libmwplatform_res.dll
0x000007fef7e40000 - 0x000007fef7e58000 	C:\Windows\system32\MPR.dll
0x0000000066610000 - 0x0000000066af4000 	C:\Windows\WinSxS\amd64_microsoft.vc90.mfc_1fc8b3b9a1e18e3b_9.0.30729.6161_none_044aad0bab1eb146\mfc90.dll
0x000007fef3b00000 - 0x000007fef3b07000 	C:\Windows\system32\MSIMG32.dll
0x000007fef3a80000 - 0x000007fef3af1000 	C:\Windows\system32\WINSPOOL.DRV
0x0000000068840000 - 0x0000000068862000 	C:\Program Files\MATLAB\R2012b\bin\win64\mwoles05.DLL
0x0000000066590000 - 0x000000006660d000 	C:\Program Files\MATLAB\R2012b\bin\win64\comcli.dll
0x0000000066560000 - 0x000000006658f000 	C:\Windows\WinSxS\amd64_microsoft.vc90.atl_1fc8b3b9a1e18e3b_9.0.30729.6161_none_0a1fd3a3a768b895\ATL90.DLL
0x00000000728e0000 - 0x00000000728ec000 	C:\Program Files\MATLAB\R2012b\bin\win64\mlautoregister.dll
0x000007fefccc0000 - 0x000007fefcd17000 	C:\Windows\system32\apphelp.dll
0x000007fee4cb0000 - 0x000007fee4d01000 	C:\Windows\AppPatch\AppPatch64\AcGenral.DLL
0x000007fefcc90000 - 0x000007fefccb5000 	C:\Windows\system32\SspiCli.dll
0x0000000074620000 - 0x0000000074623000 	C:\Windows\system32\sfc.dll
0x000007feeec30000 - 0x000007feeec40000 	C:\Windows\system32\sfc_os.DLL
0x000007fefc140000 - 0x000007fefc15e000 	C:\Windows\system32\USERENV.dll
0x000007fefcdf0000 - 0x000007fefcdff000 	C:\Windows\system32\profapi.dll
0x000007fefaee0000 - 0x000007fefaef8000 	C:\Windows\system32\dwmapi.dll
0x000007fed7370000 - 0x000007fed77d7000 	C:\Windows\AppPatch\AppPatch64\AcXtrnal.DLL
0x000007fefe440000 - 0x000007fefe46e000 	C:\Windows\system32\IMM32.DLL
0x000007fefe950000 - 0x000007fefea59000 	C:\Windows\system32\MSCTF.dll
0x000007fefb5c0000 - 0x000007fefb616000 	C:\Windows\system32\UxTheme.dll
0x0000000071080000 - 0x000000007108d000 	C:\Windows\WinSxS\amd64_microsoft.vc90.mfcloc_1fc8b3b9a1e18e3b_9.0.30729.6161_none_01c9581e60cbee58\MFC90ENU.DLL
0x0000000005960000 - 0x000000000596f000 	C:\Program Files\MATLAB\R2012b\bin\win64\xmlxrcsc.dll
0x000007fefcd20000 - 0x000007fefcd2f000 	C:\Windows\system32\CRYPTBASE.dll

VM Arguments:
jvm_args: -Xss512k -XX:PermSize=32m -Xms64m -XX:NewRatio=3 -XX:MaxPermSize=128m -Xmx196m -XX:MaxDirectMemorySize=2147400000 -Dsun.java2d.noddraw=true -Dsun.awt.nopixfmt=true -Xshare:off -Xrs -Dsun.awt.disableMixing=true -Djava.library.path=C:\Program Files\MATLAB\R2012b\bin\win64;C:\Program Files\MATLAB\R2012b\sys\jxbrowser\win64\lib vfprintf abort 
java_command: <unknown>
Launcher Type: generic

Environment Variables:
PATH=C:\Python27\Lib\site-packages\PyQt4;C:\Program Files (x86)\PHP\;C:\Program Files (x86)\Intel\iCLS Client\;C:\Program Files\Intel\iCLS Client\;C:\Windows\system32;C:\Windows;C:\Windows\System32\Wbem;C:\Windows\System32\WindowsPowerShell\v1.0\;C:\Program Files (x86)\ATI Technologies\ATI.ACE\Core-Static;C:\Program Files (x86)\IVI Foundation\VISA\WinNT\Bin\;C:\Program Files\IVI Foundation\VISA\Win64\Bin\;C:\Program Files (x86)\IVI Foundation\VISA\WinNT\Bin;C:\Program Files\Thorlabs\Thorlabs OSA;C:\Users\lab\Documents\Thorlabs\Thorlabs OSA20X\Labview\64BIT\LV2011\dll\util;C:\Program Files\Thorlabs\Thorlabs OSA\bin;C:\Program Files\MATLAB\R2012b\runtime\win64;C:\Program Files\MATLAB\R2012b\bin;C:\Program Files\Microsoft Windows Performance Toolkit\;C:\Program Files (x86)\MySQL\MySQL Utilities 1.3.4\;C:\Program Files (x86)\Windows Kits\8.1\Windows Performance Toolkit\;C:\Program Files\Microsoft SQL Server\110\Tools\Binn\;C:\Program Files (x86)\IVI Foundation\IVI\bin;C:\Program Files\IVI Foundation\IVI\bin;C:\Program Files\TortoiseSVN\bin;C:\Python27;C:\Python27\DLLs;C:\Python27\Scripts;C:\Python27\Lib\site-packages\vtk;C:\Python27\gnuplot\binary;C:\Program Files (x86)\pythonxy\SciTE-3.3.2-3;C:\Program Files (x86)\pythonxy\console;C:\MinGW32-xy\bin
USERNAME=lab
OS=Windows_NT
PROCESSOR_IDENTIFIER=Intel64 Family 6 Model 45 Stepping 7, GenuineIntel



---------------  S Y S T E M  ---------------

OS: Windows 7 Build 7601 Service Pack 1

CPU:total 8 (16 cores per cpu, 2 threads per core) family 6 model 45 stepping 7, cmov, cx8, fxsr, mmx, sse, sse2, sse3, ssse3, sse4.1, sse4.2, ht

Memory: 4k page, physical 16719692k(13495424k free), swap 33437520k(29679240k free)

vm_info: Java HotSpot(TM) 64-Bit Server VM (14.3-b01) for windows-amd64 JRE (1.6.0_17-b04), built on Oct 11 2009 00:46:08 by "java_re" with MS VC++ 8.0

time: Thu Apr 17 17:34:05 2014
elapsed time: 38 seconds

