#
# A fatal error has been detected by the Java Runtime Environment:
#
#  EXCEPTION_ACCESS_VIOLATION (0xc0000005) at pc=0x0000000076f008c5, pid=4396, tid=1240
#
# JRE version: 6.0_17-b04
# Java VM: Java HotSpot(TM) 64-Bit Server VM (14.3-b01 mixed mode windows-amd64 )
# Problematic frame:
# C  [ntdll.dll+0x508c5]
#
# If you would like to submit a bug report, please visit:
#   http://java.sun.com/webapps/bugreport/crash.jsp
#

---------------  T H R E A D  ---------------

Current thread (0x000000007b161000):  JavaThread "Image Fetcher 0" daemon [_thread_in_Java, id=1240, stack(0x000000000fbf0000,0x000000000fc70000)]

siginfo: ExceptionCode=0xc0000005, reading address 0xffffffffffffffff

Registers:
EAX=0x000000000fc6e148, EBX=0x0000000000000002, ECX=0x000000000fc6e218, EDX=0x000000000fc6e188
ESP=0x000000000fc6e138, EBP=0x000007fee2578db0, ESI=0x0000000000000020, EDI=0x0000000000000000
EIP=0x0000000076f008c5, EFLAGS=0x0000000000010202

Top of Stack: (sp=0x000000000fc6e138)
0x000000000fc6e138:   0000000000000202 0000000076ebb219
0x000000000fc6e148:   000007fffffd5000 0000000000000000
0x000000000fc6e158:   000000000fc6e340 000000000fc6e370
0x000000000fc6e168:   000000000fc6e001 0000000100000009
0x000000000fc6e178:   0000000065d9cc00 0000000065d9cd90
0x000000000fc6e188:   000000000fc70000 000000000fc68000
0x000000000fc6e198:   0000000041b3bb90 0000000000000000
0x000000000fc6e1a8:   0000000000000000 000000000fc6e990
0x000000000fc6e1b8:   000000000fc6e960 0000000041946f7a
0x000000000fc6e1c8:   0000000041946f10 0000000000000000
0x000000000fc6e1d8:   0000000000000000 000000000fc6e960
0x000000000fc6e1e8:   000000000fc6ea10 00000000419159ae
0x000000000fc6e1f8:   0000000041914e90 0000000000000000
0x000000000fc6e208:   000000000fc6eac8 000000000fc6ea10
0x000000000fc6e218:   000000000fc6ea10 00000000419159ae
0x000000000fc6e228:   0000000041914e90 0000000000000000 

Instructions: (pc=0x0000000076f008c5)
0x0000000076f008b5:   00 00 4c 89 b1 e8 00 00 00 4c 89 b9 f0 00 00 00
0x0000000076f008c5:   0f ae 81 00 01 00 00 0f 29 81 a0 01 00 00 0f 29 


Stack: [0x000000000fbf0000,0x000000000fc70000],  sp=0x000000000fc6e138,  free space=504k
Native frames: (J=compiled Java code, j=interpreted, Vv=VM code, C=native code)
C  [ntdll.dll+0x508c5]

Java frames: (J=compiled Java code, j=interpreted, Vv=VM code)
v  blob 0x0000000041947039
j  sun.awt.image.ImageDecoder.setPixels(IIIILjava/awt/image/ColorModel;[BII)I+44
j  sun.awt.image.GifImageDecoder.sendPixels(IIII[BLjava/awt/image/ColorModel;)I+407
v  ~StubRoutines::call_stub
j  sun.awt.image.GifImageDecoder.parseImage(IIIIZI[B[BLjava/awt/image/IndexColorModel;)Z+0
j  sun.awt.image.GifImageDecoder.readImage(ZII)Z+673
j  sun.awt.image.GifImageDecoder.produceImage()V+487
j  sun.awt.image.InputStreamImageSource.doFetch()V+51
j  sun.awt.image.ImageFetcher.fetchloop()V+33
j  sun.awt.image.ImageFetcher.run()V+5
v  ~StubRoutines::call_stub

---------------  P R O C E S S  ---------------

Java Threads: ( => current thread )
=>0x000000007b161000 JavaThread "Image Fetcher 0" daemon [_thread_in_Java, id=1240, stack(0x000000000fbf0000,0x000000000fc70000)]
  0x0000000065d81000 JavaThread "Code Analyzer updating thread" [_thread_blocked, id=4908, stack(0x0000000014ff0000,0x0000000015070000)]
  0x0000000065d87000 JavaThread "Prefs Updater" daemon [_thread_blocked, id=6556, stack(0x00000000254b0000,0x0000000025530000)]
  0x0000000065d85800 JavaThread "Swing-Shell" daemon [_thread_blocked, id=4100, stack(0x000000003dcf0000,0x000000003dd70000)]
  0x0000000065d80800 JavaThread "Code Analyzer updating thread" [_thread_blocked, id=6620, stack(0x0000000070c80000,0x0000000070d00000)]
  0x0000000065999800 JavaThread "Code Analyzer updating thread" [_thread_blocked, id=6612, stack(0x0000000070b70000,0x0000000070bf0000)]
  0x0000000065998800 JavaThread "Code Analyzer updating thread" [_thread_blocked, id=6608, stack(0x00000000709d0000,0x0000000070a50000)]
  0x0000000065998000 JavaThread "Code Analyzer updating thread" [_thread_blocked, id=6604, stack(0x0000000070690000,0x0000000070710000)]
  0x0000000065997000 JavaThread "Code Analyzer updating thread" [_thread_blocked, id=6600, stack(0x0000000070920000,0x00000000709a0000)]
  0x0000000065996800 JavaThread "Code Analyzer updating thread" [_thread_blocked, id=6596, stack(0x0000000070790000,0x0000000070810000)]
  0x0000000065996000 JavaThread "Code Analyzer updating thread" [_thread_blocked, id=6592, stack(0x00000000708a0000,0x0000000070920000)]
  0x0000000065995000 JavaThread "Code Analyzer updating thread" [_thread_blocked, id=6588, stack(0x0000000068e50000,0x0000000068ed0000)]
  0x0000000065994800 JavaThread "Code Analyzer updating thread" [_thread_blocked, id=6584, stack(0x00000000705f0000,0x0000000070670000)]
  0x0000000065993800 JavaThread "Code Analyzer updating thread" [_thread_blocked, id=6580, stack(0x0000000069050000,0x00000000690d0000)]
  0x0000000065993000 JavaThread "Code Analyzer updating thread" [_thread_blocked, id=6544, stack(0x000000006b4c0000,0x000000006b540000)]
  0x0000000065991800 JavaThread "Active Reference Queue Daemon" daemon [_thread_blocked, id=6532, stack(0x000000003d820000,0x000000003d8a0000)]
  0x0000000065990800 JavaThread "Timer-8" daemon [_thread_blocked, id=6528, stack(0x0000000066bb0000,0x0000000066c30000)]
  0x0000000065992000 JavaThread "Timer-7" daemon [_thread_blocked, id=6524, stack(0x000000006b400000,0x000000006b480000)]
  0x0000000065990000 JavaThread "Explorer NavigationContext request queue" [_thread_blocked, id=6496, stack(0x0000000068fd0000,0x0000000069050000)]
  0x000000006598e800 JavaThread "AddressBar directory emptiness poller" [_thread_blocked, id=6484, stack(0x0000000068dd0000,0x0000000068e50000)]
  0x000000006598e000 JavaThread "Explorer Refresh Service 570939579" [_thread_blocked, id=6480, stack(0x0000000068d40000,0x0000000068dc0000)]
  0x000000006598c800 JavaThread "Timer-1" daemon [_thread_blocked, id=6464, stack(0x00000000396a0000,0x0000000039720000)]
  0x000000006598b000 JavaThread "TimerQueue" daemon [_thread_blocked, id=6412, stack(0x000000000f940000,0x000000000f9c0000)]
  0x000000006598a000 JavaThread "Thread-5" daemon [_thread_blocked, id=6408, stack(0x000000000f9f0000,0x000000000fa70000)]
  0x00000000654cc000 JavaThread "AWT-EventQueue-0" [_thread_blocked, id=6404, stack(0x000000000f590000,0x000000000f610000)]
  0x00000000654cb000 JavaThread "AWT-Shutdown" [_thread_blocked, id=6400, stack(0x000000000f4e0000,0x000000000f560000)]
  0x00000000654a3000 JavaThread "FelixPackageAdmin" daemon [_thread_blocked, id=6376, stack(0x000000000f7c0000,0x000000000f840000)]
  0x0000000065422000 JavaThread "FelixStartLevel" daemon [_thread_blocked, id=6372, stack(0x000000000f730000,0x000000000f7b0000)]
  0x000000000e1f4800 JavaThread "FelixDispatchQueue" daemon [_thread_blocked, id=6368, stack(0x000000000f670000,0x000000000f6f0000)]
  0x00000000652b1800 JavaThread "com.google.common.base.internal.Finalizer" daemon [_thread_blocked, id=6292, stack(0x000000000d530000,0x000000000d5b0000)]
  0x00000000652af800 JavaThread "AWT-Windows" daemon [_thread_in_native, id=6284, stack(0x000000000f460000,0x000000000f4e0000)]
  0x00000000652ae000 JavaThread "Java2D Disposer" daemon [_thread_blocked, id=6276, stack(0x000000000e9c0000,0x000000000ea40000)]
  0x0000000065041000 JavaThread "Timer-0" [_thread_blocked, id=6220, stack(0x000000000e910000,0x000000000e990000)]
  0x000000000e89b000 JavaThread "EventMgr Dispatcher" daemon [_thread_in_native, id=5312, stack(0x0000000008a50000,0x000000000ca50000)]
  0x000000000da9a800 JavaThread "Low Memory Detector" daemon [_thread_blocked, id=6200, stack(0x000000000d350000,0x000000000d3d0000)]
  0x000000000da94000 JavaThread "CompilerThread1" daemon [_thread_blocked, id=6196, stack(0x0000000098610000,0x000000009c610000)]
  0x000000000da8e000 JavaThread "CompilerThread0" daemon [_thread_blocked, id=6192, stack(0x0000000094430000,0x0000000098430000)]
  0x000000000da8d000 JavaThread "Attach Listener" daemon [_thread_blocked, id=6188, stack(0x000000000d760000,0x000000000d7e0000)]
  0x000000000da34800 JavaThread "Finalizer" daemon [_thread_blocked, id=6184, stack(0x000000000d470000,0x000000000d4f0000)]
  0x000000000da2a800 JavaThread "Reference Handler" daemon [_thread_blocked, id=6180, stack(0x000000000d680000,0x000000000d700000)]
  0x0000000005e63800 JavaThread "main" [_thread_blocked, id=4440, stack(0x0000000000120000,0x0000000004120000)]

Other Threads:
  0x000000000da25000 VMThread [stack: 0x00000000902d0000,0x00000000942d0000] [id=6176]
  0x000000000dabf800 WatcherThread [stack: 0x000000009c7f0000,0x00000000a07f0000] [id=6204]

VM state:not at safepoint (normal execution)

VM Mutex/Monitor currently owned by a thread: None

Heap
 PSYoungGen      total 28736K, used 19017K [0x0000000055c10000, 0x0000000058640000, 0x0000000058d10000)
  eden space 14784K, 66% used [0x0000000055c10000,0x000000005659b4b0,0x0000000056a80000)
  from space 13952K, 66% used [0x00000000578a0000,0x00000000581a7038,0x0000000058640000)
  to   space 14208K, 0% used [0x0000000056a80000,0x0000000056a80000,0x0000000057860000)
 PSOldGen        total 113216K, used 105547K [0x000000004c910000, 0x00000000537a0000, 0x0000000055c10000)
  object space 113216K, 93% used [0x000000004c910000,0x0000000053022c60,0x00000000537a0000)
 PSPermGen       total 111168K, used 61934K [0x0000000044910000, 0x000000004b5a0000, 0x000000004c910000)
  object space 111168K, 55% used [0x0000000044910000,0x000000004858b878,0x000000004b5a0000)

Dynamic libraries:
0x000000013fd00000 - 0x000000013fd2d000 	C:\Program Files\MATLAB\R2012b\bin\win64\MATLAB.exe
0x0000000076eb0000 - 0x0000000077059000 	C:\Windows\SYSTEM32\ntdll.dll
0x0000000076d90000 - 0x0000000076eaf000 	C:\Windows\system32\kernel32.dll
0x000007fefcd20000 - 0x000007fefcd8b000 	C:\Windows\system32\KERNELBASE.dll
0x0000000074460000 - 0x000000007451f000 	C:\Program Files\MATLAB\R2012b\bin\win64\libut.dll
0x00000000758a0000 - 0x000000007595c000 	C:\Program Files\MATLAB\R2012b\bin\win64\libmwi18n.dll
0x0000000180000000 - 0x000000018000b000 	C:\Program Files\MATLAB\R2012b\bin\win64\libmwresource_core.dll
0x0000000071930000 - 0x0000000071a03000 	C:\Windows\WinSxS\amd64_microsoft.vc90.crt_1fc8b3b9a1e18e3b_9.0.30729.6161_none_08e61857a83bc251\MSVCP90.dll
0x0000000071850000 - 0x00000000718f3000 	C:\Windows\WinSxS\amd64_microsoft.vc90.crt_1fc8b3b9a1e18e3b_9.0.30729.6161_none_08e61857a83bc251\MSVCR90.dll
0x000000007a170000 - 0x000000007a19c000 	C:\Program Files\MATLAB\R2012b\bin\win64\boost_filesystem-vc90-mt-1_44.dll
0x000000007a560000 - 0x000000007a569000 	C:\Program Files\MATLAB\R2012b\bin\win64\boost_system-vc90-mt-1_44.dll
0x000007fefeda0000 - 0x000007fefee7b000 	C:\Windows\system32\ADVAPI32.dll
0x000007fefd250000 - 0x000007fefd2ef000 	C:\Windows\system32\msvcrt.dll
0x000007fefefb0000 - 0x000007fefefcf000 	C:\Windows\SYSTEM32\sechost.dll
0x000007fefd120000 - 0x000007fefd24d000 	C:\Windows\system32\RPCRT4.dll
0x000000007a010000 - 0x000000007a035000 	C:\Program Files\MATLAB\R2012b\bin\win64\LIBEXPAT.dll
0x000000006afd0000 - 0x000000006b1c1000 	C:\Program Files\MATLAB\R2012b\bin\win64\icuin44.dll
0x000000006b250000 - 0x000000006b3c1000 	C:\Program Files\MATLAB\R2012b\bin\win64\icuuc44.dll
0x0000000010000000 - 0x0000000010e41000 	C:\Program Files\MATLAB\R2012b\bin\win64\icudt44.dll
0x0000000073f70000 - 0x000000007411d000 	C:\Program Files\MATLAB\R2012b\bin\win64\libmwfl.dll
0x0000000004370000 - 0x0000000004726000 	C:\Program Files\MATLAB\R2012b\bin\win64\libmwMATLAB_res.dll
0x000000007a3b0000 - 0x000000007a3c0000 	C:\Program Files\MATLAB\R2012b\bin\win64\boost_date_time-vc90-mt-1_44.dll
0x000000007a250000 - 0x000000007a263000 	C:\Program Files\MATLAB\R2012b\bin\win64\boost_signals-vc90-mt-1_44.dll
0x000000007a2d0000 - 0x000000007a2e2000 	C:\Program Files\MATLAB\R2012b\bin\win64\boost_thread-vc90-mt-1_44.dll
0x00000000041a0000 - 0x000000000425d000 	C:\Program Files\MATLAB\R2012b\bin\win64\boost_log-vc90-mt-1_44.dll
0x0000000077080000 - 0x0000000077087000 	C:\Windows\system32\PSAPI.DLL
0x000007fefef60000 - 0x000007fefefad000 	C:\Windows\system32\WS2_32.dll
0x000007fefefd0000 - 0x000007fefefd8000 	C:\Windows\system32\NSI.dll
0x0000000004730000 - 0x0000000004776000 	C:\Program Files\MATLAB\R2012b\bin\win64\tbb.dll
0x000007fefd0a0000 - 0x000007fefd0b9000 	C:\Windows\system32\imagehlp.dll
0x0000000071420000 - 0x0000000071433000 	C:\Program Files\MATLAB\R2012b\bin\win64\icuio44.dll
0x000007fef94e0000 - 0x000007fef9605000 	C:\Windows\system32\dbghelp.dll
0x0000000076c90000 - 0x0000000076d8a000 	C:\Windows\system32\USER32.dll
0x000007fefd6a0000 - 0x000007fefd707000 	C:\Windows\system32\GDI32.dll
0x000007fefd690000 - 0x000007fefd69e000 	C:\Windows\system32\LPK.dll
0x000007feff0f0000 - 0x000007feff1b9000 	C:\Windows\system32\USP10.dll
0x00000000047a0000 - 0x0000000004a7c000 	C:\Program Files\MATLAB\R2012b\bin\win64\libmwservices.dll
0x0000000075a20000 - 0x0000000075af3000 	C:\Program Files\MATLAB\R2012b\bin\win64\libmx.dll
0x0000000004aa0000 - 0x0000000004ac9000 	C:\Program Files\MATLAB\R2012b\bin\win64\tbbmalloc.dll
0x000000007a210000 - 0x000000007a228000 	C:\Program Files\MATLAB\R2012b\bin\win64\zlib1.dll
0x0000000004af0000 - 0x0000000004b3d000 	C:\Program Files\MATLAB\R2012b\bin\win64\libmwregexp.dll
0x0000000004b50000 - 0x0000000004b73000 	C:\Program Files\MATLAB\R2012b\bin\win64\libmwmfl_scalar.dll
0x0000000075f10000 - 0x0000000075f60000 	C:\Program Files\MATLAB\R2012b\bin\win64\mpath.dll
0x000000007b680000 - 0x000000007bc9a000 	C:\Program Files\MATLAB\R2012b\bin\win64\mlutil.dll
0x00000000754d0000 - 0x0000000075551000 	C:\Program Files\MATLAB\R2012b\bin\win64\xmlcore.dll
0x0000000004bc0000 - 0x0000000004e13000 	C:\Program Files\MATLAB\R2012b\bin\win64\xerces-c_2_7.dll
0x0000000004e30000 - 0x0000000004e50000 	C:\Program Files\MATLAB\R2012b\bin\win64\libmwMATLAB_settings_res.dll
0x0000000004e60000 - 0x0000000004e70000 	C:\Program Files\MATLAB\R2012b\bin\win64\boost_iostreams-vc90-mt-1_44.dll
0x0000000004e80000 - 0x0000000004ec7000 	C:\Program Files\MATLAB\R2012b\bin\win64\boost_serialization-vc90-mt-1_44.dll
0x000007fefd710000 - 0x000007fefe498000 	C:\Windows\system32\SHELL32.dll
0x000007fefd570000 - 0x000007fefd5e1000 	C:\Windows\system32\SHLWAPI.dll
0x000007feefa20000 - 0x000007feefac0000 	C:\Windows\WinSxS\amd64_microsoft.windows.common-controls_6595b64144ccf1df_5.82.7601.18201_none_a4d3b9377117c3df\COMCTL32.dll
0x000007fefd5f0000 - 0x000007fefd687000 	C:\Windows\system32\COMDLG32.dll
0x000007fefad20000 - 0x000007fefad36000 	C:\Windows\system32\NETAPI32.dll
0x000007fefad10000 - 0x000007fefad1c000 	C:\Windows\system32\netutils.dll
0x000007fefc7e0000 - 0x000007fefc803000 	C:\Windows\system32\srvcli.dll
0x000007fefacf0000 - 0x000007fefad05000 	C:\Windows\system32\wkscli.dll
0x000007fefe4a0000 - 0x000007fefe6a3000 	C:\Windows\system32\ole32.dll
0x000007fefee80000 - 0x000007fefef57000 	C:\Windows\system32\OLEAUT32.dll
0x0000000074970000 - 0x0000000074a31000 	C:\Program Files\MATLAB\R2012b\bin\win64\mcr.dll
0x0000000075000000 - 0x00000000753e9000 	C:\Program Files\MATLAB\R2012b\bin\win64\iqm.dll
0x0000000074e80000 - 0x0000000074f38000 	C:\Program Files\MATLAB\R2012b\bin\win64\m_dispatcher.dll
0x0000000074880000 - 0x000000007496d000 	C:\Program Files\MATLAB\R2012b\bin\win64\boost_regex-vc90-mt-1_44.dll
0x000007fee17f0000 - 0x000007fee2061000 	C:\Program Files\MATLAB\R2012b\bin\win64\m_interpreter.dll
0x00000000715e0000 - 0x0000000071607000 	C:\Program Files\MATLAB\R2012b\bin\win64\libmex.dll
0x000000006af40000 - 0x000000006afc4000 	C:\Program Files\MATLAB\R2012b\bin\win64\profiler.dll
0x0000000004f50000 - 0x00000000051ba000 	C:\Program Files\MATLAB\R2012b\bin\win64\libmwmathutil.dll
0x0000000079f40000 - 0x0000000079f6e000 	C:\Program Files\MATLAB\R2012b\bin\win64\libmwmathrng.dll
0x00000000051e0000 - 0x00000000051f2000 	C:\Program Files\MATLAB\R2012b\bin\win64\libmwmfl_rng.dll
0x0000000074c10000 - 0x0000000074cee000 	C:\Program Files\MATLAB\R2012b\bin\win64\libmwmathcore.dll
0x0000000076160000 - 0x00000000761ca000 	C:\Program Files\MATLAB\R2012b\bin\win64\libmwspmatrix.dll
0x0000000075ea0000 - 0x0000000075f02000 	C:\Program Files\MATLAB\R2012b\bin\win64\libmwcholmod.dll
0x000000007a460000 - 0x000000007a46d000 	C:\Program Files\MATLAB\R2012b\bin\win64\libmwamd.dll
0x000000007a4b0000 - 0x000000007a4bc000 	C:\Program Files\MATLAB\R2012b\bin\win64\libmwcolamd.dll
0x000000007a290000 - 0x000000007a2a9000 	C:\Program Files\MATLAB\R2012b\bin\win64\libmwblas.dll
0x000000007a310000 - 0x000000007a321000 	C:\Program Files\MATLAB\R2012b\bin\win64\libmwbinder.dll
0x000000007a4d0000 - 0x000000007a4dc000 	C:\Program Files\MATLAB\R2012b\bin\win64\libmwompwrapper.dll
0x0000000005290000 - 0x0000000005315000 	C:\Program Files\MATLAB\R2012b\bin\win64\libmwlapack.dll
0x000000006b220000 - 0x000000006b241000 	C:\Program Files\MATLAB\R2012b\bin\win64\m_pcodeio.dll
0x0000000079b10000 - 0x0000000079b77000 	C:\Program Files\MATLAB\R2012b\bin\win64\m_ir.dll
0x000000006a8d0000 - 0x000000006af40000 	C:\Program Files\MATLAB\R2012b\bin\win64\m_parser.dll
0x000000006b200000 - 0x000000006b21a000 	C:\Program Files\MATLAB\R2012b\bin\win64\ir_xfmr.dll
0x000007fee2650000 - 0x000007fee28e6000 	C:\Program Files\MATLAB\R2012b\bin\win64\mcos.dll
0x0000000070ae0000 - 0x0000000070af1000 	C:\Program Files\MATLAB\R2012b\bin\win64\mtok.dll
0x000000006a890000 - 0x000000006a8c1000 	C:\Program Files\MATLAB\R2012b\bin\win64\m_pcodegen.dll
0x0000000079fb0000 - 0x0000000079fe6000 	C:\Program Files\MATLAB\R2012b\bin\win64\libmwbridge.dll
0x000000006a7c0000 - 0x000000006a888000 	C:\Program Files\MATLAB\R2012b\bin\win64\udd.dll
0x000000006a660000 - 0x000000006a7b2000 	C:\Program Files\MATLAB\R2012b\bin\win64\libmwgui.dll
0x000000006b1e0000 - 0x000000006b1f7000 	C:\Program Files\MATLAB\R2012b\bin\win64\graphics_util.dll
0x0000000069c00000 - 0x000000006a65f000 	C:\Program Files\MATLAB\R2012b\bin\win64\hg.dll
0x00000000053f0000 - 0x0000000005458000 	C:\Program Files\MATLAB\R2012b\bin\win64\libmat.dll
0x0000000072d30000 - 0x0000000072f44000 	C:\Program Files\MATLAB\R2012b\bin\win64\hdf5dll.dll
0x0000000075710000 - 0x00000000757de000 	C:\Program Files\MATLAB\R2012b\bin\win64\jmi.dll
0x0000000005490000 - 0x000000000549d000 	C:\Program Files\MATLAB\R2012b\bin\win64\nativejava_services.dll
0x0000000069bb0000 - 0x0000000069bf6000 	C:\Program Files\MATLAB\R2012b\bin\win64\libmwhardcopy.dll
0x0000000069b40000 - 0x0000000069ba3000 	C:\Program Files\MATLAB\R2012b\bin\win64\libuij.dll
0x00000000698d0000 - 0x0000000069b34000 	C:\Program Files\MATLAB\R2012b\bin\win64\hgdatatypes.dll
0x00000000697b0000 - 0x00000000698cf000 	C:\Program Files\MATLAB\R2012b\bin\win64\hgutils.dll
0x00000000696f0000 - 0x00000000697b0000 	C:\Program Files\MATLAB\R2012b\bin\win64\udd_mi.dll
0x0000000005500000 - 0x000000000553b000 	C:\Program Files\MATLAB\R2012b\bin\win64\libmwgbtutils.dll
0x0000000005550000 - 0x000000000556b000 	C:\Program Files\MATLAB\R2012b\bin\win64\libmwgbt.dll
0x0000000005580000 - 0x0000000005851000 	C:\Program Files\MATLAB\R2012b\bin\win64\uiw.dll
0x0000000071ac0000 - 0x0000000071acf000 	C:\Program Files\MATLAB\R2012b\bin\win64\uinone.dll
0x0000000005880000 - 0x00000000058a9000 	C:\Program Files\MATLAB\R2012b\bin\win64\libmwnativefiledialogs.dll
0x00000000058c0000 - 0x00000000058c8000 	C:\Program Files\MATLAB\R2012b\bin\win64\libmwplatform_res.dll
0x000007fef8ee0000 - 0x000007fef8ef8000 	C:\Windows\system32\MPR.dll
0x0000000069200000 - 0x00000000696e4000 	C:\Windows\WinSxS\amd64_microsoft.vc90.mfc_1fc8b3b9a1e18e3b_9.0.30729.6161_none_044aad0bab1eb146\mfc90.dll
0x000007fef4e60000 - 0x000007fef4e67000 	C:\Windows\system32\MSIMG32.dll
0x000007fef7160000 - 0x000007fef71d1000 	C:\Windows\system32\WINSPOOL.DRV
0x00000000691d0000 - 0x00000000691f2000 	C:\Program Files\MATLAB\R2012b\bin\win64\mwoles05.DLL
0x0000000069150000 - 0x00000000691cd000 	C:\Program Files\MATLAB\R2012b\bin\win64\comcli.dll
0x0000000069120000 - 0x000000006914f000 	C:\Windows\WinSxS\amd64_microsoft.vc90.atl_1fc8b3b9a1e18e3b_9.0.30729.6161_none_0a1fd3a3a768b895\ATL90.DLL
0x0000000071af0000 - 0x0000000071afc000 	C:\Program Files\MATLAB\R2012b\bin\win64\mlautoregister.dll
0x000007fefcb40000 - 0x000007fefcb97000 	C:\Windows\system32\apphelp.dll
0x000007fef4f70000 - 0x000007fef4fc1000 	C:\Windows\AppPatch\AppPatch64\AcGenral.DLL
0x000007fefcb10000 - 0x000007fefcb35000 	C:\Windows\system32\SspiCli.dll
0x00000000731b0000 - 0x00000000731b3000 	C:\Windows\system32\sfc.dll
0x000007fef61e0000 - 0x000007fef61f0000 	C:\Windows\system32\sfc_os.DLL
0x000007fefbfc0000 - 0x000007fefbfde000 	C:\Windows\system32\USERENV.dll
0x000007fefcc70000 - 0x000007fefcc7f000 	C:\Windows\system32\profapi.dll
0x000007fefb010000 - 0x000007fefb028000 	C:\Windows\system32\dwmapi.dll
0x000007fee21e0000 - 0x000007fee2647000 	C:\Windows\AppPatch\AppPatch64\AcXtrnal.DLL
0x000007fefec10000 - 0x000007fefec3e000 	C:\Windows\system32\IMM32.DLL
0x000007fefefe0000 - 0x000007feff0e9000 	C:\Windows\system32\MSCTF.dll
0x000007fefb440000 - 0x000007fefb496000 	C:\Windows\system32\UxTheme.dll
0x0000000071900000 - 0x000000007190d000 	C:\Windows\WinSxS\amd64_microsoft.vc90.mfcloc_1fc8b3b9a1e18e3b_9.0.30729.6161_none_01c9581e60cbee58\MFC90ENU.DLL
0x0000000005a70000 - 0x0000000005a7f000 	C:\Program Files\MATLAB\R2012b\bin\win64\xmlxrcsc.dll
0x000007fefcba0000 - 0x000007fefcbaf000 	C:\Windows\system32\CRYPTBASE.dll

VM Arguments:
jvm_args: -Xss512k -XX:PermSize=32m -Xms64m -XX:NewRatio=3 -XX:MaxPermSize=128m -Xmx196m -XX:MaxDirectMemorySize=2147400000 -Dsun.java2d.noddraw=true -Dsun.awt.nopixfmt=true -Xshare:off -Xrs -Dsun.awt.disableMixing=true -Djava.library.path=C:\Program Files\MATLAB\R2012b\bin\win64;C:\Program Files\MATLAB\R2012b\sys\jxbrowser\win64\lib vfprintf abort 
java_command: <unknown>
Launcher Type: generic

Environment Variables:
PATH=C:\Python27\Lib\site-packages\PyQt4;C:\Program Files (x86)\PHP\;C:\Program Files (x86)\Intel\iCLS Client\;C:\Program Files\Intel\iCLS Client\;C:\Windows\system32;C:\Windows;C:\Windows\System32\Wbem;C:\Windows\System32\WindowsPowerShell\v1.0\;C:\Program Files (x86)\ATI Technologies\ATI.ACE\Core-Static;C:\Program Files (x86)\IVI Foundation\VISA\WinNT\Bin\;C:\Program Files\IVI Foundation\VISA\Win64\Bin\;C:\Program Files (x86)\IVI Foundation\VISA\WinNT\Bin;C:\Program Files\Thorlabs\Thorlabs OSA;C:\Users\lab\Documents\Thorlabs\Thorlabs OSA20X\Labview\64BIT\LV2011\dll\util;C:\Program Files\Thorlabs\Thorlabs OSA\bin;C:\Program Files\MATLAB\R2012b\runtime\win64;C:\Program Files\MATLAB\R2012b\bin;C:\Program Files\Microsoft Windows Performance Toolkit\;C:\Program Files (x86)\MySQL\MySQL Utilities 1.3.4\;C:\Program Files (x86)\Windows Kits\8.1\Windows Performance Toolkit\;C:\Program Files\Microsoft SQL Server\110\Tools\Binn\;C:\Program Files (x86)\IVI Foundation\IVI\bin;C:\Program Files\IVI Foundation\IVI\bin;C:\Program Files\TortoiseSVN\bin;C:\Python27;C:\Python27\DLLs;C:\Python27\Scripts;C:\Python27\Lib\site-packages\vtk;C:\Python27\gnuplot\binary;C:\Program Files (x86)\pythonxy\SciTE-3.3.2-3;C:\Program Files (x86)\pythonxy\console;C:\MinGW32-xy\bin
USERNAME=lab
OS=Windows_NT
PROCESSOR_IDENTIFIER=Intel64 Family 6 Model 45 Stepping 7, GenuineIntel



---------------  S Y S T E M  ---------------

OS: Windows 7 Build 7601 Service Pack 1

CPU:total 8 (16 cores per cpu, 2 threads per core) family 6 model 45 stepping 7, cmov, cx8, fxsr, mmx, sse, sse2, sse3, ssse3, sse4.1, sse4.2, ht

Memory: 4k page, physical 16719692k(12265956k free), swap 33437520k(28425036k free)

vm_info: Java HotSpot(TM) 64-Bit Server VM (14.3-b01) for windows-amd64 JRE (1.6.0_17-b04), built on Oct 11 2009 00:46:08 by "java_re" with MS VC++ 8.0

time: Tue May 06 12:42:58 2014
elapsed time: 2904 seconds

